Vivado Simulator 2019.2
Time resolution is 1 ps
 Block Memory Generator module loading initial data...
 Block Memory Generator data initialization complete.
Block Memory Generator module tb_top.soc.inst_ram.inst.native_mem_mapped_module.blk_mem_gen_v8_4_4_inst is using a behavioral model for simulation which will not precisely model memory collision behavior.
Block Memory Generator module tb_top.soc.data_ram.inst.native_mem_mapped_module.blk_mem_gen_v8_4_4_inst is using a behavioral model for simulation which will not precisely model memory collision behavior.
pc 00000000 update to 00000004
pc 00000004 update to 00000008
pc 00000008 update to 0000000c
pc 0000000c update to 00000010
pc 00000010 update to 00000014
pc 00000014 update to 00000018
pc 00000018 update to 0000001c
pc 0000001c update to 00000020
pc 00000020 update to 00000024
pc 00000024 update to 00000028
pc 00000028 update to 0000002c
pc 0000002c update to 00000030
pc 00000030 update to 00000034
pc 00000034 update to 00000038
pc 00000038 update to 0000003c
pc 0000003c update to 00000040
pc 00000040 update to 00000044
pc 00000044 update to 00000048
pc 00000048 update to 0000004c
pc 0000004c update to 00000050
pc 00000050 update to 00000054
pc 00000054 update to 00000058
pc 00000058 update to 0000005c
pc 0000005c update to 00000060
pc 00000060 update to 00000064
pc 00000064 update to 00000068
pc 00000068 update to 0000006c
pc 0000006c update to 00000070
pc 00000070 update to 00000074
pc 00000074 update to 00000078
pc 00000078 update to 0000007c
pc 0000007c update to 00000080
pc 00000080 update to 00000084
pc 00000084 update to 00000088
pc 00000088 update to 0000008c
pc 0000008c update to 00000090
pc 00000090 update to 00000094
pc 00000094 update to 00000098
pc 00000098 update to 0000009c
pc 0000009c update to 000000a0
pc 000000a0 update to 000000a4
pc 000000a4 update to 000000a8
pc 000000a8 update to 000000ac
pc 000000ac update to 000000b0
pc 000000b0 update to 000000b4
pc 000000b4 update to 000000b8
pc 000000b8 update to 000000bc
pc 000000bc update to 000000c0
pc 000000c0 update to 000000c4
pc 000000c4 update to 000000c8
pc 000000c8 update to 000000cc
pc 000000cc update to 000000d0
pc 000000d0 update to 000000d4
pc 000000d4 update to 000000d8
pc 000000d8 update to 000000dc
pc 000000dc update to 000000e0
pc 000000e0 update to 000000e4
pc 000000e4 update to 000000e8
pc 000000e8 update to 000000ec
pc 000000ec update to 000000f0
pc 000000f0 update to 000000f4
pc 000000f4 update to 000000f8
pc 000000f8 update to 000000fc
pc 000000fc update to 00000100
pc 00000100 update to 00000104
pc 00000104 update to 00000108
pc 00000108 update to 0000010c
pc 0000010c update to 00000110
pc 00000110 update to 00000114
pc 00000114 update to 00000118
pc 00000118 update to 0000011c
pc 0000011c update to 00000120
pc 00000120 update to 00000124
pc 00000124 update to 00000128
pc 00000128 update to 0000012c
pc 0000012c update to 00000130
pc 00000130 update to 00000134
pc 00000134 update to 00000138
pc 00000138 update to 0000013c
pc 0000013c update to 00000140
pc 00000140 update to 00000144
pc 00000144 update to 00000148
pc 00000148 update to 0000014c
pc 0000014c update to 00000150
pc 00000150 update to 00000154
pc 00000154 update to 00000158
pc 00000158 update to 0000015c
pc 0000015c update to 00000160
pc 00000160 update to 00000164
pc 00000164 update to 00000168
pc 00000168 update to 0000016c
